{"E:\\React resources\\nyt-popular\\src\\app\\store.js": {"path":"E:\\React resources\\nyt-popular\\src\\app\\store.js","statementMap":{"0":{"start":{"line":5,"column":21},"end":{"line":12,"column":2}},"1":{"start":{"line":11,"column":4},"end":{"line":11,"column":42}}},"fnMap":{"0":{"name":"(anonymous_0)","decl":{"start":{"line":10,"column":14},"end":{"line":10,"column":15}},"loc":{"start":{"line":11,"column":4},"end":{"line":11,"column":42}},"line":11}},"branchMap":{},"s":{"0":2,"1":2},"f":{"0":2},"b":{},"_coverageSchema":"1a1c01bbd47fc00a2c39e90264f33305004495a9","hash":"85eedf28bc1969d46e684942c2b761d983bc88b8"}
,"E:\\React resources\\nyt-popular\\src\\components\\Article\\Article.jsx": {"path":"E:\\React resources\\nyt-popular\\src\\components\\Article\\Article.jsx","statementMap":{"0":{"start":{"line":7,"column":16},"end":{"line":35,"column":1}},"1":{"start":{"line":8,"column":18},"end":{"line":8,"column":29}},"2":{"start":{"line":10,"column":4},"end":{"line":15,"column":59}},"3":{"start":{"line":17,"column":2},"end":{"line":34,"column":4}}},"fnMap":{"0":{"name":"(anonymous_0)","decl":{"start":{"line":7,"column":16},"end":{"line":7,"column":17}},"loc":{"start":{"line":7,"column":36},"end":{"line":35,"column":1}},"line":7}},"branchMap":{"0":{"loc":{"start":{"line":10,"column":4},"end":{"line":15,"column":59}},"type":"cond-expr","locations":[{"start":{"line":14,"column":8},"end":{"line":14,"column":59}},{"start":{"line":15,"column":8},"end":{"line":15,"column":59}}],"line":10},"1":{"loc":{"start":{"line":10,"column":4},"end":{"line":13,"column":49}},"type":"binary-expr","locations":[{"start":{"line":10,"column":4},"end":{"line":10,"column":17}},{"start":{"line":11,"column":4},"end":{"line":11,"column":28}},{"start":{"line":12,"column":4},"end":{"line":12,"column":38}},{"start":{"line":13,"column":4},"end":{"line":13,"column":49}}],"line":10}},"s":{"0":2,"1":2,"2":2,"3":2},"f":{"0":2},"b":{"0":[0,2],"1":[2,2,0,0]},"_coverageSchema":"1a1c01bbd47fc00a2c39e90264f33305004495a9","hash":"2b17a6f4a9aa2d883fe4bb8c7b577710b50d710f"}
,"E:\\React resources\\nyt-popular\\src\\components\\Article\\styles.js": {"path":"E:\\React resources\\nyt-popular\\src\\components\\Article\\styles.js","statementMap":{"0":{"start":{"line":3,"column":37},"end":{"line":36,"column":1}}},"fnMap":{"0":{"name":"(anonymous_0)","decl":{"start":{"line":3,"column":26},"end":{"line":3,"column":27}},"loc":{"start":{"line":3,"column":37},"end":{"line":36,"column":1}},"line":3}},"branchMap":{},"s":{"0":1},"f":{"0":1},"b":{},"_coverageSchema":"1a1c01bbd47fc00a2c39e90264f33305004495a9","hash":"43281ac73c77562db869cc3b02013f34dd34c426"}
,"E:\\React resources\\nyt-popular\\src\\components\\ArticleList\\ArticleList.jsx": {"path":"E:\\React resources\\nyt-popular\\src\\components\\ArticleList\\ArticleList.jsx","statementMap":{"0":{"start":{"line":6,"column":20},"end":{"line":15,"column":1}},"1":{"start":{"line":7,"column":18},"end":{"line":7,"column":29}},"2":{"start":{"line":8,"column":2},"end":{"line":14,"column":3}},"3":{"start":{"line":11,"column":12},"end":{"line":11,"column":54}}},"fnMap":{"0":{"name":"(anonymous_0)","decl":{"start":{"line":6,"column":20},"end":{"line":6,"column":21}},"loc":{"start":{"line":6,"column":38},"end":{"line":15,"column":1}},"line":6},"1":{"name":"(anonymous_1)","decl":{"start":{"line":10,"column":30},"end":{"line":10,"column":31}},"loc":{"start":{"line":11,"column":12},"end":{"line":11,"column":54}},"line":11}},"branchMap":{},"s":{"0":2,"1":1,"2":1,"3":2},"f":{"0":1,"1":2},"b":{},"_coverageSchema":"1a1c01bbd47fc00a2c39e90264f33305004495a9","hash":"80d0b46981aceed2dde9ffbdcb9782cbc8a09db0"}
,"E:\\React resources\\nyt-popular\\src\\components\\ArticleList\\styles.js": {"path":"E:\\React resources\\nyt-popular\\src\\components\\ArticleList\\styles.js","statementMap":{"0":{"start":{"line":3,"column":37},"end":{"line":13,"column":1}}},"fnMap":{"0":{"name":"(anonymous_0)","decl":{"start":{"line":3,"column":26},"end":{"line":3,"column":27}},"loc":{"start":{"line":3,"column":37},"end":{"line":13,"column":1}},"line":3}},"branchMap":{},"s":{"0":1},"f":{"0":1},"b":{},"_coverageSchema":"1a1c01bbd47fc00a2c39e90264f33305004495a9","hash":"bf894c32f0a05c0da35558e8e0d3829a2f51f149"}
,"E:\\React resources\\nyt-popular\\src\\components\\Articles\\Articles.jsx": {"path":"E:\\React resources\\nyt-popular\\src\\components\\Articles\\Articles.jsx","statementMap":{"0":{"start":{"line":9,"column":17},"end":{"line":39,"column":1}},"1":{"start":{"line":10,"column":32},"end":{"line":10,"column":82}},"2":{"start":{"line":10,"column":55},"end":{"line":10,"column":81}},"3":{"start":{"line":11,"column":40},"end":{"line":11,"column":82}},"4":{"start":{"line":12,"column":24},"end":{"line":12,"column":77}},"5":{"start":{"line":14,"column":4},"end":{"line":20,"column":5}},"6":{"start":{"line":15,"column":6},"end":{"line":19,"column":8}},"7":{"start":{"line":22,"column":4},"end":{"line":30,"column":5}},"8":{"start":{"line":23,"column":6},"end":{"line":29,"column":7}},"9":{"start":{"line":32,"column":4},"end":{"line":32,"column":45}},"10":{"start":{"line":32,"column":14},"end":{"line":32,"column":45}},"11":{"start":{"line":34,"column":2},"end":{"line":38,"column":3}},"12":{"start":{"line":48,"column":85},"end":{"line":48,"column":40221}},"13":{"start":{"line":48,"column":89},"end":{"line":48,"column":40210}}},"fnMap":{"0":{"name":"(anonymous_0)","decl":{"start":{"line":9,"column":17},"end":{"line":9,"column":18}},"loc":{"start":{"line":9,"column":23},"end":{"line":39,"column":1}},"line":9},"1":{"name":"(anonymous_1)","decl":{"start":{"line":10,"column":44},"end":{"line":10,"column":45}},"loc":{"start":{"line":10,"column":55},"end":{"line":10,"column":81}},"line":10},"2":{"name":"oo_cm","decl":{"start":{"line":48,"column":77},"end":{"line":48,"column":82}},"loc":{"start":{"line":48,"column":84},"end":{"line":48,"column":40222}},"line":48}},"branchMap":{"0":{"loc":{"start":{"line":14,"column":4},"end":{"line":20,"column":5}},"type":"if","locations":[{"start":{"line":14,"column":4},"end":{"line":20,"column":5}},{"start":{},"end":{}}],"line":14},"1":{"loc":{"start":{"line":22,"column":4},"end":{"line":30,"column":5}},"type":"if","locations":[{"start":{"line":22,"column":4},"end":{"line":30,"column":5}},{"start":{},"end":{}}],"line":22},"2":{"loc":{"start":{"line":32,"column":4},"end":{"line":32,"column":45}},"type":"if","locations":[{"start":{"line":32,"column":4},"end":{"line":32,"column":45}},{"start":{},"end":{}}],"line":32},"3":{"loc":{"start":{"line":48,"column":96},"end":{"line":48,"column":40209}},"type":"binary-expr","locations":[{"start":{"line":48,"column":96},"end":{"line":48,"column":133}},{"start":{"line":48,"column":137},"end":{"line":48,"column":40209}}],"line":48}},"s":{"0":1,"1":1,"2":2,"3":1,"4":1,"5":1,"6":1,"7":0,"8":0,"9":0,"10":0,"11":0,"12":1,"13":1},"f":{"0":1,"1":2,"2":1},"b":{"0":[1,0],"1":[0,0],"2":[0,0],"3":[1,1]},"_coverageSchema":"1a1c01bbd47fc00a2c39e90264f33305004495a9","hash":"6664aeed24dd6dc2a30593ffbb941b6777390d62"}
,"E:\\React resources\\nyt-popular\\src\\components\\Navbar\\Navbar.jsx": {"path":"E:\\React resources\\nyt-popular\\src\\components\\Navbar\\Navbar.jsx","statementMap":{"0":{"start":{"line":8,"column":15},"end":{"line":36,"column":1}},"1":{"start":{"line":9,"column":34},"end":{"line":9,"column":84}},"2":{"start":{"line":9,"column":57},"end":{"line":9,"column":83}},"3":{"start":{"line":10,"column":20},"end":{"line":10,"column":31}},"4":{"start":{"line":11,"column":21},"end":{"line":11,"column":34}},"5":{"start":{"line":12,"column":21},"end":{"line":12,"column":34}},"6":{"start":{"line":15,"column":25},"end":{"line":15,"column":69}},"7":{"start":{"line":16,"column":24},"end":{"line":16,"column":85}},"8":{"start":{"line":17,"column":2},"end":{"line":35,"column":4}},"9":{"start":{"line":22,"column":55},"end":{"line":22,"column":89}},"10":{"start":{"line":25,"column":55},"end":{"line":25,"column":89}},"11":{"start":{"line":28,"column":55},"end":{"line":28,"column":90}},"12":{"start":{"line":45,"column":85},"end":{"line":45,"column":40221}},"13":{"start":{"line":45,"column":89},"end":{"line":45,"column":40210}}},"fnMap":{"0":{"name":"(anonymous_0)","decl":{"start":{"line":8,"column":15},"end":{"line":8,"column":16}},"loc":{"start":{"line":8,"column":21},"end":{"line":36,"column":1}},"line":8},"1":{"name":"(anonymous_1)","decl":{"start":{"line":9,"column":46},"end":{"line":9,"column":47}},"loc":{"start":{"line":9,"column":57},"end":{"line":9,"column":83}},"line":9},"2":{"name":"(anonymous_2)","decl":{"start":{"line":22,"column":49},"end":{"line":22,"column":50}},"loc":{"start":{"line":22,"column":55},"end":{"line":22,"column":89}},"line":22},"3":{"name":"(anonymous_3)","decl":{"start":{"line":25,"column":49},"end":{"line":25,"column":50}},"loc":{"start":{"line":25,"column":55},"end":{"line":25,"column":89}},"line":25},"4":{"name":"(anonymous_4)","decl":{"start":{"line":28,"column":49},"end":{"line":28,"column":50}},"loc":{"start":{"line":28,"column":55},"end":{"line":28,"column":90}},"line":28},"5":{"name":"oo_cm","decl":{"start":{"line":45,"column":77},"end":{"line":45,"column":82}},"loc":{"start":{"line":45,"column":84},"end":{"line":45,"column":40222}},"line":45}},"branchMap":{"0":{"loc":{"start":{"line":20,"column":9},"end":{"line":32,"column":9}},"type":"binary-expr","locations":[{"start":{"line":20,"column":9},"end":{"line":20,"column":22}},{"start":{"line":21,"column":10},"end":{"line":31,"column":16}}],"line":20},"1":{"loc":{"start":{"line":45,"column":96},"end":{"line":45,"column":40209}},"type":"binary-expr","locations":[{"start":{"line":45,"column":96},"end":{"line":45,"column":133}},{"start":{"line":45,"column":137},"end":{"line":45,"column":40209}}],"line":45}},"s":{"0":1,"1":2,"2":4,"3":2,"4":2,"5":2,"6":2,"7":2,"8":2,"9":1,"10":0,"11":0,"12":2,"13":2},"f":{"0":2,"1":4,"2":1,"3":0,"4":0,"5":2},"b":{"0":[2,2],"1":[2,1]},"_coverageSchema":"1a1c01bbd47fc00a2c39e90264f33305004495a9","hash":"78a5266473809491d1a8b9c17fd00030f56ab482"}
,"E:\\React resources\\nyt-popular\\src\\components\\Navbar\\styles.js": {"path":"E:\\React resources\\nyt-popular\\src\\components\\Navbar\\styles.js","statementMap":{"0":{"start":{"line":3,"column":20},"end":{"line":3,"column":23}},"1":{"start":{"line":5,"column":38},"end":{"line":17,"column":1}}},"fnMap":{"0":{"name":"(anonymous_0)","decl":{"start":{"line":5,"column":26},"end":{"line":5,"column":27}},"loc":{"start":{"line":5,"column":38},"end":{"line":17,"column":1}},"line":5}},"branchMap":{},"s":{"0":1,"1":1},"f":{"0":1},"b":{},"_coverageSchema":"1a1c01bbd47fc00a2c39e90264f33305004495a9","hash":"44273af42ae27362230cbbd2baec59e474d22f50"}
,"E:\\React resources\\nyt-popular\\src\\components\\ui\\Bounded.jsx": {"path":"E:\\React resources\\nyt-popular\\src\\components\\ui\\Bounded.jsx","statementMap":{"0":{"start":{"line":4,"column":2},"end":{"line":16,"column":4}}},"fnMap":{"0":{"name":"Bounded","decl":{"start":{"line":3,"column":16},"end":{"line":3,"column":23}},"loc":{"start":{"line":3,"column":85},"end":{"line":17,"column":1}},"line":3}},"branchMap":{"0":{"loc":{"start":{"line":3,"column":30},"end":{"line":3,"column":46}},"type":"default-arg","locations":[{"start":{"line":3,"column":37},"end":{"line":3,"column":46}}],"line":3}},"s":{"0":0},"f":{"0":0},"b":{"0":[0]},"_coverageSchema":"1a1c01bbd47fc00a2c39e90264f33305004495a9","hash":"ed0e68fa10faa108df611272833b35d89b1181b1"}
,"E:\\React resources\\nyt-popular\\src\\features\\currentArticleSlice.js": {"path":"E:\\React resources\\nyt-popular\\src\\features\\currentArticleSlice.js","statementMap":{"0":{"start":{"line":3,"column":29},"end":{"line":15,"column":2}},"1":{"start":{"line":11,"column":6},"end":{"line":11,"column":46}},"2":{"start":{"line":17,"column":39},"end":{"line":17,"column":60}}},"fnMap":{"0":{"name":"(anonymous_0)","decl":{"start":{"line":10,"column":25},"end":{"line":10,"column":26}},"loc":{"start":{"line":10,"column":44},"end":{"line":12,"column":5}},"line":10}},"branchMap":{},"s":{"0":2,"1":1,"2":2},"f":{"0":1},"b":{},"_coverageSchema":"1a1c01bbd47fc00a2c39e90264f33305004495a9","hash":"2206ae99be7fbfa59a19e54fc684db3d56fdba62"}
}
