TN:
SF:src\app\store.js
FN:10,(anonymous_0)
FNF:1
FNH:1
FNDA:2,(anonymous_0)
DA:5,2
DA:11,2
LF:2
LH:2
BRF:0
BRH:0
end_of_record
TN:
SF:src\components\Article\Article.jsx
FN:7,(anonymous_0)
FNF:1
FNH:1
FNDA:2,(anonymous_0)
DA:7,2
DA:8,2
DA:10,2
DA:17,2
LF:4
LH:4
BRDA:10,0,0,0
BRDA:10,0,1,2
BRDA:10,1,0,2
BRDA:10,1,1,2
BRDA:10,1,2,0
BRDA:10,1,3,0
BRF:6
BRH:3
end_of_record
TN:
SF:src\components\Article\styles.js
FN:3,(anonymous_0)
FNF:1
FNH:1
FNDA:1,(anonymous_0)
DA:3,1
LF:1
LH:1
BRF:0
BRH:0
end_of_record
TN:
SF:src\components\ArticleList\ArticleList.jsx
FN:6,(anonymous_0)
FN:10,(anonymous_1)
FNF:2
FNH:2
FNDA:1,(anonymous_0)
FNDA:2,(anonymous_1)
DA:6,2
DA:7,1
DA:8,1
DA:11,2
LF:4
LH:4
BRF:0
BRH:0
end_of_record
TN:
SF:src\components\ArticleList\styles.js
FN:3,(anonymous_0)
FNF:1
FNH:1
FNDA:1,(anonymous_0)
DA:3,1
LF:1
LH:1
BRF:0
BRH:0
end_of_record
TN:
SF:src\components\Articles\Articles.jsx
FN:9,(anonymous_0)
FN:10,(anonymous_1)
FN:48,oo_cm
FNF:3
FNH:3
FNDA:1,(anonymous_0)
FNDA:2,(anonymous_1)
FNDA:1,oo_cm
DA:9,1
DA:10,2
DA:11,1
DA:12,1
DA:14,1
DA:15,1
DA:22,0
DA:23,0
DA:32,0
DA:34,0
DA:48,1
LF:11
LH:7
BRDA:14,0,0,1
BRDA:14,0,1,0
BRDA:22,1,0,0
BRDA:22,1,1,0
BRDA:32,2,0,0
BRDA:32,2,1,0
BRDA:48,3,0,1
BRDA:48,3,1,1
BRF:8
BRH:3
end_of_record
TN:
SF:src\components\Navbar\Navbar.jsx
FN:8,(anonymous_0)
FN:9,(anonymous_1)
FN:22,(anonymous_2)
FN:25,(anonymous_3)
FN:28,(anonymous_4)
FN:45,oo_cm
FNF:6
FNH:4
FNDA:2,(anonymous_0)
FNDA:4,(anonymous_1)
FNDA:1,(anonymous_2)
FNDA:0,(anonymous_3)
FNDA:0,(anonymous_4)
FNDA:2,oo_cm
DA:8,1
DA:9,4
DA:10,2
DA:11,2
DA:12,2
DA:15,2
DA:16,2
DA:17,2
DA:22,1
DA:25,0
DA:28,0
DA:45,2
LF:12
LH:10
BRDA:20,0,0,2
BRDA:20,0,1,2
BRDA:45,1,0,2
BRDA:45,1,1,1
BRF:4
BRH:4
end_of_record
TN:
SF:src\components\Navbar\styles.js
FN:5,(anonymous_0)
FNF:1
FNH:1
FNDA:1,(anonymous_0)
DA:3,1
DA:5,1
LF:2
LH:2
BRF:0
BRH:0
end_of_record
TN:
SF:src\components\ui\Bounded.jsx
FN:3,Bounded
FNF:1
FNH:0
FNDA:0,Bounded
DA:4,0
LF:1
LH:0
BRDA:3,0,0,0
BRF:1
BRH:0
end_of_record
TN:
SF:src\features\currentArticleSlice.js
FN:10,(anonymous_0)
FNF:1
FNH:1
FNDA:1,(anonymous_0)
DA:3,2
DA:11,1
DA:17,2
LF:3
LH:3
BRF:0
BRH:0
end_of_record
